<?xml version="1.0" encoding="UTF-8"?>
<!-- Generated by org.testng.reporters.JUnitReportReporter -->
<testsuite hostname="MPSADILT0218" failures="0" tests="3" name="org.sample.TestSample" time="0.006" errors="0" timestamp="30 Jul 2021 13:00:13 GMT" skipped="0">
  <testcase classname="org.sample.TestSample" name="tc01" time="0.001"/>
  <testcase classname="org.sample.TestSample" name="tc0" time="0.004"/>
  <testcase classname="org.sample.TestSample" name="tc02" time="0.001"/>
</testsuite> <!-- org.sample.TestSample -->
