<?xml version="1.0" encoding="UTF-8"?>
<!-- Generated by org.testng.reporters.JUnitReportReporter -->
<testsuite hostname="MPSADILT0218" failures="0" tests="4" name="org.suitlevel.TestSample2" time="0.001" errors="0" timestamp="02 Aug 2021 03:45:02 GMT" skipped="0">
  <testcase classname="org.suitlevel.TestSample2" name="tc03" time="0.001"/>
  <testcase classname="org.suitlevel.TestSample2" name="tc02" time="0.000"/>
  <testcase classname="org.suitlevel.TestSample2" name="tc01" time="0.000"/>
  <testcase classname="org.suitlevel.TestSample2" name="tc0" time="0.000"/>
</testsuite> <!-- org.suitlevel.TestSample2 -->
