<?xml version="1.0" encoding="UTF-8"?>
<!-- Generated by org.testng.reporters.JUnitReportReporter -->
<testsuite hostname="MPSADILT0218" failures="0" tests="14" name="org.sample.TestNGLearning" time="0.016" errors="0" timestamp="30 Jul 2021 13:13:48 GMT" skipped="1">
  <testcase classname="org.sample.TestNGLearning" name="tc04" time="0.007"/>
  <testcase classname="org.sample.TestNGLearning" name="tc01" time="0.001"/>
  <testcase classname="org.sample.TestNGLearning" name="tc01" time="0.000"/>
  <testcase classname="org.sample.TestNGLearning" name="tc01" time="0.001"/>
  <testcase classname="org.sample.TestNGLearning" name="tc01" time="0.001"/>
  <testcase classname="org.sample.TestNGLearning" name="tc01" time="0.001"/>
  <testcase classname="org.sample.TestNGLearning" name="tc01" time="0.000"/>
  <testcase classname="org.sample.TestNGLearning" name="tc01" time="0.001"/>
  <testcase classname="org.sample.TestNGLearning" name="tc01" time="0.000"/>
  <testcase classname="org.sample.TestNGLearning" name="tc01" time="0.001"/>
  <testcase classname="org.sample.TestNGLearning" name="tc01" time="0.001"/>
  <testcase classname="org.sample.TestNGLearning" name="tc02" time="0.001"/>
  <testcase classname="org.sample.TestNGLearning" name="tc0" time="0.001"/>
  <testcase classname="org.sample.TestNGLearning" name="tc03">
    <skipped/>
  </testcase> <!-- tc03 -->
</testsuite> <!-- org.sample.TestNGLearning -->
